2023-03-12 16:46:42,513 - logs
2023-03-12 16:46:42,513 - ../data/original/
2023-03-12 16:46:42,513 - ../data/processed/
2023-03-12 16:46:42,513 - Log directory: logs/1
2023-03-12 16:46:42,513 - Starting safety check on the input and output folder
2023-03-12 16:46:42,513 - Safety check on the input and output folder completed
2023-03-12 16:46:42,514 - Loading data to process
2023-03-12 16:46:42,514 - Processing file: wo_2021-12-04_01_enviro_3dcoord.json
2023-03-12 16:46:44,487 - Converting data to dataframe for label: nose
2023-03-12 16:46:44,507 - Converting data to dataframe for label: head
2023-03-12 16:46:44,527 - Converting data to dataframe for label: neck
2023-03-12 16:46:44,548 - Converting data to dataframe for label: RShoulder
2023-03-12 16:46:44,570 - Converting data to dataframe for label: RHand
2023-03-12 16:46:44,593 - Converting data to dataframe for label: Lshoulder
2023-03-12 16:46:44,617 - Converting data to dataframe for label: Lhand
2023-03-12 16:46:44,643 - Converting data to dataframe for label: hip
2023-03-12 16:46:44,676 - Converting data to dataframe for label: RKnee
2023-03-12 16:46:44,716 - Converting data to dataframe for label: RFoot
2023-03-12 16:46:44,750 - Converting data to dataframe for label: LKnee
2023-03-12 16:46:44,786 - Converting data to dataframe for label: Lfoot
2023-03-12 16:46:44,820 - Converting data to dataframe for label: tail
2023-03-12 16:46:45,084 - Interpolating data
2023-03-12 16:46:45,405 - Percentage of outliers for label: 0 column: x: 0.0
2023-03-12 16:46:45,406 - Percentage of outliers for label: 0 column: y: 0.21948356145054324
2023-03-12 16:46:45,406 - Percentage of outliers for label: 0 column: z: 0.0
2023-03-12 16:46:45,407 - Interpolating outliers for label: 0 column: x
2023-03-12 16:46:45,426 - Interpolating outliers for label: 0 column: y
2023-03-12 16:46:45,444 - Interpolating outliers for label: 0 column: z
2023-03-12 16:46:45,453 - Done interpolating outliers for label: 0
2023-03-12 16:46:45,504 - Percentage of outliers for label: 1 column: x: 0.0
2023-03-12 16:46:45,504 - Percentage of outliers for label: 1 column: y: 0.2600592634401016
2023-03-12 16:46:45,504 - Percentage of outliers for label: 1 column: z: 0.0
2023-03-12 16:46:45,505 - Interpolating outliers for label: 1 column: x
2023-03-12 16:46:45,511 - Interpolating outliers for label: 1 column: y
2023-03-12 16:46:45,522 - Interpolating outliers for label: 1 column: z
2023-03-12 16:46:45,529 - Done interpolating outliers for label: 1
2023-03-12 16:46:45,572 - Percentage of outliers for label: 2 column: x: 0.0
2023-03-12 16:46:45,572 - Percentage of outliers for label: 2 column: y: 0.29074643713842246
2023-03-12 16:46:45,572 - Percentage of outliers for label: 2 column: z: 0.0
2023-03-12 16:46:45,574 - Interpolating outliers for label: 2 column: x
2023-03-12 16:46:45,585 - Interpolating outliers for label: 2 column: y
2023-03-12 16:46:45,592 - Interpolating outliers for label: 2 column: z
2023-03-12 16:46:45,600 - Done interpolating outliers for label: 2
2023-03-12 16:46:45,636 - Percentage of outliers for label: 3 column: x: 0.0
2023-03-12 16:46:45,636 - Percentage of outliers for label: 3 column: y: 0.26635247636517567
2023-03-12 16:46:45,636 - Percentage of outliers for label: 3 column: z: 0.0
2023-03-12 16:46:45,637 - Interpolating outliers for label: 3 column: x
2023-03-12 16:46:45,643 - Interpolating outliers for label: 3 column: y
2023-03-12 16:46:45,652 - Interpolating outliers for label: 3 column: z
2023-03-12 16:46:45,657 - Done interpolating outliers for label: 3
2023-03-12 16:46:45,693 - Percentage of outliers for label: 4 column: x: 0.0
2023-03-12 16:46:45,693 - Percentage of outliers for label: 4 column: y: 0.28623677155354876
2023-03-12 16:46:45,693 - Percentage of outliers for label: 4 column: z: 0.0
2023-03-12 16:46:45,694 - Interpolating outliers for label: 4 column: x
2023-03-12 16:46:45,700 - Interpolating outliers for label: 4 column: y
2023-03-12 16:46:45,709 - Interpolating outliers for label: 4 column: z
2023-03-12 16:46:45,715 - Done interpolating outliers for label: 4
2023-03-12 16:46:45,755 - Percentage of outliers for label: 5 column: x: 0.0
2023-03-12 16:46:45,755 - Percentage of outliers for label: 5 column: y: 0.16585861436432905
2023-03-12 16:46:45,755 - Percentage of outliers for label: 5 column: z: 0.0
2023-03-12 16:46:45,757 - Interpolating outliers for label: 5 column: x
2023-03-12 16:46:45,767 - Interpolating outliers for label: 5 column: y
2023-03-12 16:46:45,771 - Interpolating outliers for label: 5 column: z
2023-03-12 16:46:45,776 - Done interpolating outliers for label: 5
2023-03-12 16:46:45,819 - Percentage of outliers for label: 6 column: x: 0.0
2023-03-12 16:46:45,819 - Percentage of outliers for label: 6 column: y: 0.03145477635106533
2023-03-12 16:46:45,819 - Percentage of outliers for label: 6 column: z: 0.0
2023-03-12 16:46:45,820 - Interpolating outliers for label: 6 column: x
2023-03-12 16:46:45,825 - Interpolating outliers for label: 6 column: y
2023-03-12 16:46:45,832 - Interpolating outliers for label: 6 column: z
2023-03-12 16:46:45,837 - Done interpolating outliers for label: 6
2023-03-12 16:46:45,875 - Percentage of outliers for label: 7 column: x: 0.0
2023-03-12 16:46:45,875 - Percentage of outliers for label: 7 column: y: 0.2892112318329335
2023-03-12 16:46:45,875 - Percentage of outliers for label: 7 column: z: 0.0
2023-03-12 16:46:45,875 - Interpolating outliers for label: 7 column: x
2023-03-12 16:46:45,879 - Interpolating outliers for label: 7 column: y
2023-03-12 16:46:45,883 - Interpolating outliers for label: 7 column: z
2023-03-12 16:46:45,886 - Done interpolating outliers for label: 7
2023-03-12 16:46:45,929 - Percentage of outliers for label: 8 column: x: 0.0
2023-03-12 16:46:45,929 - Percentage of outliers for label: 8 column: y: 0.03753351206434316
2023-03-12 16:46:45,929 - Percentage of outliers for label: 8 column: z: 0.0
2023-03-12 16:46:45,929 - Interpolating outliers for label: 8 column: x
2023-03-12 16:46:45,935 - Interpolating outliers for label: 8 column: y
2023-03-12 16:46:45,941 - Interpolating outliers for label: 8 column: z
2023-03-12 16:46:45,946 - Done interpolating outliers for label: 8
2023-03-12 16:46:45,983 - Percentage of outliers for label: 9 column: x: 0.0
2023-03-12 16:46:45,984 - Percentage of outliers for label: 9 column: y: 0.27787216029349515
2023-03-12 16:46:45,984 - Percentage of outliers for label: 9 column: z: 0.0
2023-03-12 16:46:45,985 - Interpolating outliers for label: 9 column: x
2023-03-12 16:46:45,990 - Interpolating outliers for label: 9 column: y
2023-03-12 16:46:45,996 - Interpolating outliers for label: 9 column: z
2023-03-12 16:46:46,000 - Done interpolating outliers for label: 9
2023-03-12 16:46:46,037 - Percentage of outliers for label: 10 column: x: 0.0
2023-03-12 16:46:46,037 - Percentage of outliers for label: 10 column: y: 0.28469027797375474
2023-03-12 16:46:46,037 - Percentage of outliers for label: 10 column: z: 0.0
2023-03-12 16:46:46,037 - Interpolating outliers for label: 10 column: x
2023-03-12 16:46:46,041 - Interpolating outliers for label: 10 column: y
2023-03-12 16:46:46,044 - Interpolating outliers for label: 10 column: z
2023-03-12 16:46:46,048 - Done interpolating outliers for label: 10
2023-03-12 16:46:46,099 - Percentage of outliers for label: 11 column: x: 0.0
2023-03-12 16:46:46,099 - Percentage of outliers for label: 11 column: y: 0.27003245378862706
2023-03-12 16:46:46,099 - Percentage of outliers for label: 11 column: z: 0.0
2023-03-12 16:46:46,099 - Interpolating outliers for label: 11 column: x
2023-03-12 16:46:46,103 - Interpolating outliers for label: 11 column: y
2023-03-12 16:46:46,107 - Interpolating outliers for label: 11 column: z
2023-03-12 16:46:46,110 - Done interpolating outliers for label: 11
2023-03-12 16:46:46,156 - Percentage of outliers for label: 12 column: x: 0.0
2023-03-12 16:46:46,156 - Percentage of outliers for label: 12 column: y: 0.25668406942288696
2023-03-12 16:46:46,156 - Percentage of outliers for label: 12 column: z: 0.0
2023-03-12 16:46:46,157 - Interpolating outliers for label: 12 column: x
2023-03-12 16:46:46,161 - Interpolating outliers for label: 12 column: y
2023-03-12 16:46:46,164 - Interpolating outliers for label: 12 column: z
2023-03-12 16:46:46,167 - Done interpolating outliers for label: 12
2023-03-12 16:46:46,187 - Data processing completed
