2023-03-12 16:50:42,498 - logs
2023-03-12 16:50:42,498 - ../data/original/
2023-03-12 16:50:42,498 - ../data/processed/
2023-03-12 16:50:42,498 - Log directory: logs/5
2023-03-12 16:50:42,498 - Starting safety check on the input and output folder
2023-03-12 16:50:42,498 - Safety check on the input and output folder completed
2023-03-12 16:50:42,498 - Loading data to process
2023-03-12 16:50:42,498 - Processing file: wo_2021-12-04_01_enviro_3dcoord.json
2023-03-12 16:50:44,457 - Converting data to dataframe for label: nose
2023-03-12 16:50:44,476 - Converting data to dataframe for label: head
2023-03-12 16:50:44,501 - Converting data to dataframe for label: neck
2023-03-12 16:50:44,522 - Converting data to dataframe for label: RShoulder
2023-03-12 16:50:44,553 - Converting data to dataframe for label: RHand
2023-03-12 16:50:44,582 - Converting data to dataframe for label: Lshoulder
2023-03-12 16:50:44,610 - Converting data to dataframe for label: Lhand
2023-03-12 16:50:44,638 - Converting data to dataframe for label: hip
2023-03-12 16:50:44,668 - Converting data to dataframe for label: RKnee
2023-03-12 16:50:44,705 - Converting data to dataframe for label: RFoot
2023-03-12 16:50:44,738 - Converting data to dataframe for label: LKnee
2023-03-12 16:50:44,772 - Converting data to dataframe for label: Lfoot
2023-03-12 16:50:44,816 - Converting data to dataframe for label: tail
2023-03-12 16:50:45,082 - Interpolating data
2023-03-12 16:50:45,370 - Percentage of outliers for label: 0 column: x: 0.0
2023-03-12 16:50:45,370 - Percentage of outliers for label: 0 column: y: 0.21948356145054324
2023-03-12 16:50:45,370 - Percentage of outliers for label: 0 column: z: 0.0
2023-03-12 16:50:45,378 - Interpolating outliers for label: 0 column: x
2023-03-12 16:50:45,386 - Interpolating outliers for label: 0 column: y
2023-03-12 16:50:45,394 - Interpolating outliers for label: 0 column: z
2023-03-12 16:50:45,400 - Done interpolating outliers for label: 0
2023-03-12 16:50:45,431 - Percentage of outliers for label: 1 column: x: 0.0
2023-03-12 16:50:45,431 - Percentage of outliers for label: 1 column: y: 0.2600592634401016
2023-03-12 16:50:45,431 - Percentage of outliers for label: 1 column: z: 0.0
2023-03-12 16:50:45,432 - Interpolating outliers for label: 1 column: x
2023-03-12 16:50:45,436 - Interpolating outliers for label: 1 column: y
2023-03-12 16:50:45,439 - Interpolating outliers for label: 1 column: z
2023-03-12 16:50:45,443 - Done interpolating outliers for label: 1
2023-03-12 16:50:45,474 - Percentage of outliers for label: 2 column: x: 0.0
2023-03-12 16:50:45,474 - Percentage of outliers for label: 2 column: y: 0.29074643713842246
2023-03-12 16:50:45,474 - Percentage of outliers for label: 2 column: z: 0.0
2023-03-12 16:50:45,475 - Interpolating outliers for label: 2 column: x
2023-03-12 16:50:45,478 - Interpolating outliers for label: 2 column: y
2023-03-12 16:50:45,481 - Interpolating outliers for label: 2 column: z
2023-03-12 16:50:45,485 - Done interpolating outliers for label: 2
2023-03-12 16:50:45,516 - Percentage of outliers for label: 3 column: x: 0.0
2023-03-12 16:50:45,516 - Percentage of outliers for label: 3 column: y: 0.26635247636517567
2023-03-12 16:50:45,517 - Percentage of outliers for label: 3 column: z: 0.0
2023-03-12 16:50:45,517 - Interpolating outliers for label: 3 column: x
2023-03-12 16:50:45,520 - Interpolating outliers for label: 3 column: y
2023-03-12 16:50:45,524 - Interpolating outliers for label: 3 column: z
2023-03-12 16:50:45,528 - Done interpolating outliers for label: 3
2023-03-12 16:50:45,565 - Percentage of outliers for label: 4 column: x: 0.0
2023-03-12 16:50:45,565 - Percentage of outliers for label: 4 column: y: 0.28623677155354876
2023-03-12 16:50:45,565 - Percentage of outliers for label: 4 column: z: 0.0
2023-03-12 16:50:45,566 - Interpolating outliers for label: 4 column: x
2023-03-12 16:50:45,569 - Interpolating outliers for label: 4 column: y
2023-03-12 16:50:45,572 - Interpolating outliers for label: 4 column: z
2023-03-12 16:50:45,575 - Done interpolating outliers for label: 4
2023-03-12 16:50:45,626 - Percentage of outliers for label: 5 column: x: 0.0
2023-03-12 16:50:45,627 - Percentage of outliers for label: 5 column: y: 0.16585861436432905
2023-03-12 16:50:45,627 - Percentage of outliers for label: 5 column: z: 0.0
2023-03-12 16:50:45,627 - Interpolating outliers for label: 5 column: x
2023-03-12 16:50:45,634 - Interpolating outliers for label: 5 column: y
2023-03-12 16:50:45,639 - Interpolating outliers for label: 5 column: z
2023-03-12 16:50:45,644 - Done interpolating outliers for label: 5
2023-03-12 16:50:45,680 - Percentage of outliers for label: 6 column: x: 0.0
2023-03-12 16:50:45,680 - Percentage of outliers for label: 6 column: y: 0.03145477635106533
2023-03-12 16:50:45,680 - Percentage of outliers for label: 6 column: z: 0.0
2023-03-12 16:50:45,681 - Interpolating outliers for label: 6 column: x
2023-03-12 16:50:45,684 - Interpolating outliers for label: 6 column: y
2023-03-12 16:50:45,688 - Interpolating outliers for label: 6 column: z
2023-03-12 16:50:45,691 - Done interpolating outliers for label: 6
2023-03-12 16:50:45,724 - Percentage of outliers for label: 7 column: x: 0.0
2023-03-12 16:50:45,724 - Percentage of outliers for label: 7 column: y: 0.2892112318329335
2023-03-12 16:50:45,724 - Percentage of outliers for label: 7 column: z: 0.0
2023-03-12 16:50:45,725 - Interpolating outliers for label: 7 column: x
2023-03-12 16:50:45,728 - Interpolating outliers for label: 7 column: y
2023-03-12 16:50:45,731 - Interpolating outliers for label: 7 column: z
2023-03-12 16:50:45,735 - Done interpolating outliers for label: 7
2023-03-12 16:50:45,767 - Percentage of outliers for label: 8 column: x: 0.0
2023-03-12 16:50:45,767 - Percentage of outliers for label: 8 column: y: 0.03753351206434316
2023-03-12 16:50:45,767 - Percentage of outliers for label: 8 column: z: 0.0
2023-03-12 16:50:45,768 - Interpolating outliers for label: 8 column: x
2023-03-12 16:50:45,771 - Interpolating outliers for label: 8 column: y
2023-03-12 16:50:45,774 - Interpolating outliers for label: 8 column: z
2023-03-12 16:50:45,778 - Done interpolating outliers for label: 8
2023-03-12 16:50:45,811 - Percentage of outliers for label: 9 column: x: 0.0
2023-03-12 16:50:45,812 - Percentage of outliers for label: 9 column: y: 0.27787216029349515
2023-03-12 16:50:45,812 - Percentage of outliers for label: 9 column: z: 0.0
2023-03-12 16:50:45,812 - Interpolating outliers for label: 9 column: x
2023-03-12 16:50:45,816 - Interpolating outliers for label: 9 column: y
2023-03-12 16:50:45,819 - Interpolating outliers for label: 9 column: z
2023-03-12 16:50:45,822 - Done interpolating outliers for label: 9
2023-03-12 16:50:45,858 - Percentage of outliers for label: 10 column: x: 0.0
2023-03-12 16:50:45,858 - Percentage of outliers for label: 10 column: y: 0.28469027797375474
2023-03-12 16:50:45,858 - Percentage of outliers for label: 10 column: z: 0.0
2023-03-12 16:50:45,859 - Interpolating outliers for label: 10 column: x
2023-03-12 16:50:45,863 - Interpolating outliers for label: 10 column: y
2023-03-12 16:50:45,865 - Interpolating outliers for label: 10 column: z
2023-03-12 16:50:45,869 - Done interpolating outliers for label: 10
2023-03-12 16:50:45,924 - Percentage of outliers for label: 11 column: x: 0.0
2023-03-12 16:50:45,925 - Percentage of outliers for label: 11 column: y: 0.27003245378862706
2023-03-12 16:50:45,925 - Percentage of outliers for label: 11 column: z: 0.0
2023-03-12 16:50:45,925 - Interpolating outliers for label: 11 column: x
2023-03-12 16:50:45,929 - Interpolating outliers for label: 11 column: y
2023-03-12 16:50:45,933 - Interpolating outliers for label: 11 column: z
2023-03-12 16:50:45,940 - Done interpolating outliers for label: 11
2023-03-12 16:50:45,985 - Percentage of outliers for label: 12 column: x: 0.0
2023-03-12 16:50:45,985 - Percentage of outliers for label: 12 column: y: 0.25668406942288696
2023-03-12 16:50:45,985 - Percentage of outliers for label: 12 column: z: 0.0
2023-03-12 16:50:45,986 - Interpolating outliers for label: 12 column: x
2023-03-12 16:50:45,989 - Interpolating outliers for label: 12 column: y
2023-03-12 16:50:45,992 - Interpolating outliers for label: 12 column: z
2023-03-12 16:50:45,996 - Done interpolating outliers for label: 12
2023-03-12 16:50:46,039 - Dataframe has been interpolated
2023-03-12 16:50:46,102 - Unique labels: ['tail' 'Lfoot' 'LKnee' 'RFoot' 'RKnee' 'hip' 'Lhand' 'Lshoulder' 'RHand'
 'RShoulder' 'neck' 'head' 'nose']
2023-03-12 16:50:46,194 - Data processing completed
