2023-03-12 16:48:25,548 - logs
2023-03-12 16:48:25,548 - ../data/original/
2023-03-12 16:48:25,548 - ../data/processed/
2023-03-12 16:48:25,548 - Log directory: logs/2
2023-03-12 16:48:25,548 - Starting safety check on the input and output folder
2023-03-12 16:48:25,548 - Safety check on the input and output folder completed
2023-03-12 16:48:25,548 - Loading data to process
2023-03-12 16:48:25,548 - Processing file: wo_2021-12-04_01_enviro_3dcoord.json
2023-03-12 16:48:27,402 - Converting data to dataframe for label: nose
2023-03-12 16:48:27,423 - Converting data to dataframe for label: head
2023-03-12 16:48:27,444 - Converting data to dataframe for label: neck
2023-03-12 16:48:27,469 - Converting data to dataframe for label: RShoulder
2023-03-12 16:48:27,495 - Converting data to dataframe for label: RHand
2023-03-12 16:48:27,526 - Converting data to dataframe for label: Lshoulder
2023-03-12 16:48:27,553 - Converting data to dataframe for label: Lhand
2023-03-12 16:48:27,582 - Converting data to dataframe for label: hip
2023-03-12 16:48:27,621 - Converting data to dataframe for label: RKnee
2023-03-12 16:48:27,653 - Converting data to dataframe for label: RFoot
2023-03-12 16:48:27,689 - Converting data to dataframe for label: LKnee
2023-03-12 16:48:27,726 - Converting data to dataframe for label: Lfoot
2023-03-12 16:48:27,765 - Converting data to dataframe for label: tail
2023-03-12 16:48:28,029 - Interpolating data
2023-03-12 16:48:28,321 - Percentage of outliers for label: 0 column: x: 0.0
2023-03-12 16:48:28,321 - Percentage of outliers for label: 0 column: y: 0.21948356145054324
2023-03-12 16:48:28,321 - Percentage of outliers for label: 0 column: z: 0.0
2023-03-12 16:48:28,322 - Interpolating outliers for label: 0 column: x
2023-03-12 16:48:28,332 - Interpolating outliers for label: 0 column: y
2023-03-12 16:48:28,342 - Interpolating outliers for label: 0 column: z
2023-03-12 16:48:28,348 - Done interpolating outliers for label: 0
2023-03-12 16:48:28,378 - Percentage of outliers for label: 1 column: x: 0.0
2023-03-12 16:48:28,378 - Percentage of outliers for label: 1 column: y: 0.2600592634401016
2023-03-12 16:48:28,378 - Percentage of outliers for label: 1 column: z: 0.0
2023-03-12 16:48:28,379 - Interpolating outliers for label: 1 column: x
2023-03-12 16:48:28,385 - Interpolating outliers for label: 1 column: y
2023-03-12 16:48:28,393 - Interpolating outliers for label: 1 column: z
2023-03-12 16:48:28,398 - Done interpolating outliers for label: 1
2023-03-12 16:48:28,430 - Percentage of outliers for label: 2 column: x: 0.0
2023-03-12 16:48:28,430 - Percentage of outliers for label: 2 column: y: 0.29074643713842246
2023-03-12 16:48:28,430 - Percentage of outliers for label: 2 column: z: 0.0
2023-03-12 16:48:28,431 - Interpolating outliers for label: 2 column: x
2023-03-12 16:48:28,435 - Interpolating outliers for label: 2 column: y
2023-03-12 16:48:28,439 - Interpolating outliers for label: 2 column: z
2023-03-12 16:48:28,443 - Done interpolating outliers for label: 2
2023-03-12 16:48:28,476 - Percentage of outliers for label: 3 column: x: 0.0
2023-03-12 16:48:28,476 - Percentage of outliers for label: 3 column: y: 0.26635247636517567
2023-03-12 16:48:28,476 - Percentage of outliers for label: 3 column: z: 0.0
2023-03-12 16:48:28,477 - Interpolating outliers for label: 3 column: x
2023-03-12 16:48:28,482 - Interpolating outliers for label: 3 column: y
2023-03-12 16:48:28,485 - Interpolating outliers for label: 3 column: z
2023-03-12 16:48:28,488 - Done interpolating outliers for label: 3
2023-03-12 16:48:28,522 - Percentage of outliers for label: 4 column: x: 0.0
2023-03-12 16:48:28,523 - Percentage of outliers for label: 4 column: y: 0.28623677155354876
2023-03-12 16:48:28,523 - Percentage of outliers for label: 4 column: z: 0.0
2023-03-12 16:48:28,525 - Interpolating outliers for label: 4 column: x
2023-03-12 16:48:28,534 - Interpolating outliers for label: 4 column: y
2023-03-12 16:48:28,538 - Interpolating outliers for label: 4 column: z
2023-03-12 16:48:28,543 - Done interpolating outliers for label: 4
2023-03-12 16:48:28,576 - Percentage of outliers for label: 5 column: x: 0.0
2023-03-12 16:48:28,576 - Percentage of outliers for label: 5 column: y: 0.16585861436432905
2023-03-12 16:48:28,576 - Percentage of outliers for label: 5 column: z: 0.0
2023-03-12 16:48:28,577 - Interpolating outliers for label: 5 column: x
2023-03-12 16:48:28,584 - Interpolating outliers for label: 5 column: y
2023-03-12 16:48:28,593 - Interpolating outliers for label: 5 column: z
2023-03-12 16:48:28,599 - Done interpolating outliers for label: 5
2023-03-12 16:48:28,643 - Percentage of outliers for label: 6 column: x: 0.0
2023-03-12 16:48:28,643 - Percentage of outliers for label: 6 column: y: 0.03145477635106533
2023-03-12 16:48:28,643 - Percentage of outliers for label: 6 column: z: 0.0
2023-03-12 16:48:28,644 - Interpolating outliers for label: 6 column: x
2023-03-12 16:48:28,649 - Interpolating outliers for label: 6 column: y
2023-03-12 16:48:28,654 - Interpolating outliers for label: 6 column: z
2023-03-12 16:48:28,658 - Done interpolating outliers for label: 6
2023-03-12 16:48:28,694 - Percentage of outliers for label: 7 column: x: 0.0
2023-03-12 16:48:28,694 - Percentage of outliers for label: 7 column: y: 0.2892112318329335
2023-03-12 16:48:28,694 - Percentage of outliers for label: 7 column: z: 0.0
2023-03-12 16:48:28,695 - Interpolating outliers for label: 7 column: x
2023-03-12 16:48:28,699 - Interpolating outliers for label: 7 column: y
2023-03-12 16:48:28,702 - Interpolating outliers for label: 7 column: z
2023-03-12 16:48:28,705 - Done interpolating outliers for label: 7
2023-03-12 16:48:28,739 - Percentage of outliers for label: 8 column: x: 0.0
2023-03-12 16:48:28,739 - Percentage of outliers for label: 8 column: y: 0.03753351206434316
2023-03-12 16:48:28,739 - Percentage of outliers for label: 8 column: z: 0.0
2023-03-12 16:48:28,739 - Interpolating outliers for label: 8 column: x
2023-03-12 16:48:28,743 - Interpolating outliers for label: 8 column: y
2023-03-12 16:48:28,747 - Interpolating outliers for label: 8 column: z
2023-03-12 16:48:28,754 - Done interpolating outliers for label: 8
2023-03-12 16:48:28,796 - Percentage of outliers for label: 9 column: x: 0.0
2023-03-12 16:48:28,796 - Percentage of outliers for label: 9 column: y: 0.27787216029349515
2023-03-12 16:48:28,796 - Percentage of outliers for label: 9 column: z: 0.0
2023-03-12 16:48:28,797 - Interpolating outliers for label: 9 column: x
2023-03-12 16:48:28,803 - Interpolating outliers for label: 9 column: y
2023-03-12 16:48:28,809 - Interpolating outliers for label: 9 column: z
2023-03-12 16:48:28,815 - Done interpolating outliers for label: 9
2023-03-12 16:48:28,869 - Percentage of outliers for label: 10 column: x: 0.0
2023-03-12 16:48:28,870 - Percentage of outliers for label: 10 column: y: 0.28469027797375474
2023-03-12 16:48:28,870 - Percentage of outliers for label: 10 column: z: 0.0
2023-03-12 16:48:28,871 - Interpolating outliers for label: 10 column: x
2023-03-12 16:48:28,883 - Interpolating outliers for label: 10 column: y
2023-03-12 16:48:28,891 - Interpolating outliers for label: 10 column: z
2023-03-12 16:48:28,900 - Done interpolating outliers for label: 10
2023-03-12 16:48:28,975 - Percentage of outliers for label: 11 column: x: 0.0
2023-03-12 16:48:28,975 - Percentage of outliers for label: 11 column: y: 0.27003245378862706
2023-03-12 16:48:28,975 - Percentage of outliers for label: 11 column: z: 0.0
2023-03-12 16:48:28,976 - Interpolating outliers for label: 11 column: x
2023-03-12 16:48:28,983 - Interpolating outliers for label: 11 column: y
2023-03-12 16:48:28,989 - Interpolating outliers for label: 11 column: z
2023-03-12 16:48:28,998 - Done interpolating outliers for label: 11
2023-03-12 16:48:29,078 - Percentage of outliers for label: 12 column: x: 0.0
2023-03-12 16:48:29,078 - Percentage of outliers for label: 12 column: y: 0.25668406942288696
2023-03-12 16:48:29,078 - Percentage of outliers for label: 12 column: z: 0.0
2023-03-12 16:48:29,079 - Interpolating outliers for label: 12 column: x
2023-03-12 16:48:29,096 - Interpolating outliers for label: 12 column: y
2023-03-12 16:48:29,102 - Interpolating outliers for label: 12 column: z
2023-03-12 16:48:29,110 - Done interpolating outliers for label: 12
